# JRE version: OpenJDK Runtime Environment (11.0.10) (build 11.0.10+0-b96-7249189)
# Java VM: OpenJDK 64-Bit Server VM (11.0.10+0-b96-7249189, mixed mode, tiered, compressed oops, g1 gc, windows-amd64)
Heap:
 garbage-first heap   total 622592K, used 310708K [0x0000000080000000, 0x0000000100000000)
  region size 1024K, 4 young (4096K), 4 survivors (4096K)
 Metaspace       used 145587K, capacity 149683K, committed 149888K, reserved 1179648K
  class space    used 18228K, capacity 19759K, committed 19840K, reserved 1048576K
GC Heap History (20 events):
Event: 78.654 GC heap after
{Heap after GC invocations=66 (full 0):
 garbage-first heap   total 287744K, used 228004K [0x0000000080000000, 0x0000000100000000)
  region size 1024K, 6 young (6144K), 6 survivors (6144K)
 Metaspace       used 144253K, capacity 148190K, committed 148352K, reserved 1177600K
  class space    used 18052K, capacity 19520K, committed 19584K, reserved 1048576K
}
Event: 78.704 GC heap before
{Heap before GC invocations=66 (full 0):
 garbage-first heap   total 287744K, used 236196K [0x0000000080000000, 0x0000000100000000)
  region size 1024K, 14 young (14336K), 6 survivors (6144K)
 Metaspace       used 144253K, capacity 148190K, committed 148352K, reserved 1177600K
  class space    used 18052K, capacity 19520K, committed 19584K, reserved 1048576K
}
Event: 78.720 GC heap after
{Heap after GC invocations=67 (full 0):
 garbage-first heap   total 346112K, used 206669K [0x0000000080000000, 0x0000000100000000)
  region size 1024K, 2 young (2048K), 2 survivors (2048K)
 Metaspace       used 144253K, capacity 148190K, committed 148352K, reserved 1177600K
  class space    used 18052K, capacity 19520K, committed 19584K, reserved 1048576K
}
Event: 79.070 GC heap before
{Heap before GC invocations=67 (full 0):
 garbage-first heap   total 346112K, used 262989K [0x0000000080000000, 0x0000000100000000)
  region size 1024K, 57 young (58368K), 2 survivors (2048K)
 Metaspace       used 144910K, capacity 148907K, committed 148992K, reserved 1179648K
  class space    used 18171K, capacity 19654K, committed 19712K, reserved 1048576K
}
Event: 79.102 GC heap after
{Heap after GC invocations=68 (full 0):
 garbage-first heap   total 346112K, used 231028K [0x0000000080000000, 0x0000000100000000)
  region size 1024K, 8 young (8192K), 8 survivors (8192K)
 Metaspace       used 144910K, capacity 148907K, committed 148992K, reserved 1179648K
  class space    used 18171K, capacity 19654K, committed 19712K, reserved 1048576K
}
Event: 79.220 GC heap before
{Heap before GC invocations=68 (full 0):
 garbage-first heap   total 346112K, used 273012K [0x0000000080000000, 0x0000000100000000)
  region size 1024K, 50 young (51200K), 8 survivors (8192K)
 Metaspace       used 144960K, capacity 148914K, committed 148992K, reserved 1179648K
  class space    used 18171K, capacity 19654K, committed 19712K, reserved 1048576K
}
Event: 79.250 GC heap after
{Heap after GC invocations=69 (full 0):
 garbage-first heap   total 346112K, used 254412K [0x0000000080000000, 0x0000000100000000)
  region size 1024K, 7 young (7168K), 7 survivors (7168K)
 Metaspace       used 144960K, capacity 148914K, committed 148992K, reserved 1179648K
  class space    used 18171K, capacity 19654K, committed 19712K, reserved 1048576K
}
Event: 79.316 GC heap before
{Heap before GC invocations=69 (full 0):
 garbage-first heap   total 346112K, used 283084K [0x0000000080000000, 0x0000000100000000)
  region size 1024K, 35 young (35840K), 7 survivors (7168K)
 Metaspace       used 144963K, capacity 148914K, committed 148992K, reserved 1179648K
  class space    used 18171K, capacity 19654K, committed 19712K, reserved 1048576K
}
Event: 79.338 GC heap after
{Heap after GC invocations=70 (full 0):
 garbage-first heap   total 346112K, used 270336K [0x0000000080000000, 0x0000000100000000)
  region size 1024K, 5 young (5120K), 5 survivors (5120K)
 Metaspace       used 144963K, capacity 148914K, committed 148992K, reserved 1179648K
  class space    used 18171K, capacity 19654K, committed 19712K, reserved 1048576K
}
Event: 79.428 GC heap before
{Heap before GC invocations=70 (full 0):
 garbage-first heap   total 346112K, used 288768K [0x0000000080000000, 0x0000000100000000)
  region size 1024K, 24 young (24576K), 5 survivors (5120K)
 Metaspace       used 144973K, capacity 148914K, committed 148992K, reserved 1179648K
  class space    used 18171K, capacity 19654K, committed 19712K, reserved 1048576K
}
Event: 79.444 GC heap after
{Heap after GC invocations=71 (full 0):
 garbage-first heap   total 346112K, used 281088K [0x0000000080000000, 0x0000000100000000)
  region size 1024K, 3 young (3072K), 3 survivors (3072K)
 Metaspace       used 144973K, capacity 148914K, committed 148992K, reserved 1179648K
  class space    used 18171K, capacity 19654K, committed 19712K, reserved 1048576K
}
Event: 79.506 GC heap before
{Heap before GC invocations=71 (full 0):
 garbage-first heap   total 346112K, used 294400K [0x0000000080000000, 0x0000000100000000)
  region size 1024K, 16 young (16384K), 3 survivors (3072K)
 Metaspace       used 144977K, capacity 148914K, committed 148992K, reserved 1179648K
  class space    used 18171K, capacity 19654K, committed 19712K, reserved 1048576K
}
Event: 79.523 GC heap after
{Heap after GC invocations=72 (full 0):
 garbage-first heap   total 433152K, used 288619K [0x0000000080000000, 0x0000000100000000)
  region size 1024K, 2 young (2048K), 2 survivors (2048K)
 Metaspace       used 144977K, capacity 148914K, committed 148992K, reserved 1179648K
  class space    used 18171K, capacity 19654K, committed 19712K, reserved 1048576K
}
Event: 79.865 GC heap before
{Heap before GC invocations=73 (full 0):
 garbage-first heap   total 433152K, used 331627K [0x0000000080000000, 0x0000000100000000)
  region size 1024K, 44 young (45056K), 2 survivors (2048K)
 Metaspace       used 145108K, capacity 149046K, committed 149248K, reserved 1179648K
  class space    used 18169K, capacity 19668K, committed 19712K, reserved 1048576K
}
Event: 79.885 GC heap after
{Heap after GC invocations=74 (full 0):
 garbage-first heap   total 433152K, used 307101K [0x0000000080000000, 0x0000000100000000)
  region size 1024K, 6 young (6144K), 6 survivors (6144K)
 Metaspace       used 145108K, capacity 149046K, committed 149248K, reserved 1179648K
  class space    used 18169K, capacity 19668K, committed 19712K, reserved 1048576K
}
Event: 80.423 GC heap before
{Heap before GC invocations=74 (full 0):
 garbage-first heap   total 433152K, used 342941K [0x0000000080000000, 0x0000000100000000)
  region size 1024K, 42 young (43008K), 6 survivors (6144K)
 Metaspace       used 145420K, capacity 149494K, committed 149632K, reserved 1179648K
  class space    used 18222K, capacity 19749K, committed 19840K, reserved 1048576K
}
Event: 80.449 GC heap after
{Heap after GC invocations=75 (full 0):
 garbage-first heap   total 433152K, used 313849K [0x0000000080000000, 0x0000000100000000)
  region size 1024K, 6 young (6144K), 6 survivors (6144K)
 Metaspace       used 145420K, capacity 149494K, committed 149632K, reserved 1179648K
  class space    used 18222K, capacity 19749K, committed 19840K, reserved 1048576K
}
Event: 80.831 GC heap before
{Heap before GC invocations=75 (full 0):
 garbage-first heap   total 433152K, used 350713K [0x0000000080000000, 0x0000000100000000)
  region size 1024K, 42 young (43008K), 6 survivors (6144K)
 Metaspace       used 145467K, capacity 149526K, committed 149632K, reserved 1179648K
  class space    used 18225K, capacity 19755K, committed 19840K, reserved 1048576K
}
Event: 80.845 GC heap after
{Heap after GC invocations=76 (full 0):
 garbage-first heap   total 433152K, used 317681K [0x0000000080000000, 0x0000000100000000)
  region size 1024K, 5 young (5120K), 5 survivors (5120K)
 Metaspace       used 145467K, capacity 149526K, committed 149632K, reserved 1179648K
  class space    used 18225K, capacity 19755K, committed 19840K, reserved 1048576K
}
Event: 81.349 GC heap before
{Heap before GC invocations=77 (full 0):
 garbage-first heap   total 433152K, used 345329K [0x0000000080000000, 0x0000000100000000)
  region size 1024K, 42 young (43008K), 5 survivors (5120K)
 Metaspace       used 145587K, capacity 149683K, committed 149888K, reserved 1179648K
  class space    used 18228K, capacity 19759K, committed 19840K, reserved 1048576K
}

